{"/Users/nayaabahmedn/Documents/doctor_app/server/index.js": {"path":"/Users/nayaabahmedn/Documents/doctor_app/server/index.js","statementMap":{"0":{"start":{"line":5,"column":17},"end":{"line":5,"column":26}},"1":{"start":{"line":6,"column":0},"end":{"line":6,"column":24}},"2":{"start":{"line":7,"column":0},"end":{"line":7,"column":48}},"3":{"start":{"line":8,"column":0},"end":{"line":8,"column":30}}},"fnMap":{},"branchMap":{},"s":{"0":1,"1":1,"2":1,"3":1},"f":{},"b":{},"_coverageSchema":"1a1c01bbd47fc00a2c39e90264f33305004495a9","hash":"1da64f10cb73a15635aced7e2cfe78e6e0909cfe"}
,"/Users/nayaabahmedn/Documents/doctor_app/server/controllers/userController.js": {"path":"/Users/nayaabahmedn/Documents/doctor_app/server/controllers/userController.js","statementMap":{"0":{"start":{"line":4,"column":28},"end":{"line":27,"column":1}},"1":{"start":{"line":5,"column":4},"end":{"line":26,"column":5}},"2":{"start":{"line":7,"column":43},"end":{"line":7,"column":51}},"3":{"start":{"line":9,"column":8},"end":{"line":14,"column":9}},"4":{"start":{"line":10,"column":12},"end":{"line":13,"column":15}},"5":{"start":{"line":16,"column":24},"end":{"line":16,"column":64}},"6":{"start":{"line":17,"column":8},"end":{"line":17,"column":29}},"7":{"start":{"line":19,"column":8},"end":{"line":22,"column":10}},"8":{"start":{"line":25,"column":8},"end":{"line":25,"column":70}},"9":{"start":{"line":29,"column":25},"end":{"line":76,"column":1}},"10":{"start":{"line":30,"column":4},"end":{"line":75,"column":5}},"11":{"start":{"line":32,"column":36},"end":{"line":32,"column":44}},"12":{"start":{"line":35,"column":21},"end":{"line":35,"column":55}},"13":{"start":{"line":37,"column":8},"end":{"line":42,"column":9}},"14":{"start":{"line":38,"column":12},"end":{"line":41,"column":15}},"15":{"start":{"line":46,"column":34},"end":{"line":46,"column":70}},"16":{"start":{"line":47,"column":8},"end":{"line":54,"column":9}},"17":{"start":{"line":49,"column":16},"end":{"line":52,"column":19}},"18":{"start":{"line":56,"column":8},"end":{"line":58,"column":1}},"19":{"start":{"line":57,"column":4},"end":{"line":57,"column":74}},"20":{"start":{"line":60,"column":22},"end":{"line":62,"column":10}},"21":{"start":{"line":64,"column":8},"end":{"line":68,"column":10}},"22":{"start":{"line":73,"column":8},"end":{"line":73,"column":45}},"23":{"start":{"line":74,"column":8},"end":{"line":74,"column":70}}},"fnMap":{"0":{"name":"(anonymous_0)","decl":{"start":{"line":4,"column":28},"end":{"line":4,"column":29}},"loc":{"start":{"line":4,"column":48},"end":{"line":27,"column":1}},"line":4},"1":{"name":"(anonymous_1)","decl":{"start":{"line":29,"column":25},"end":{"line":29,"column":26}},"loc":{"start":{"line":29,"column":45},"end":{"line":76,"column":1}},"line":29}},"branchMap":{"0":{"loc":{"start":{"line":9,"column":8},"end":{"line":14,"column":9}},"type":"if","locations":[{"start":{"line":9,"column":8},"end":{"line":14,"column":9}},{"start":{},"end":{}}],"line":9},"1":{"loc":{"start":{"line":37,"column":8},"end":{"line":42,"column":9}},"type":"if","locations":[{"start":{"line":37,"column":8},"end":{"line":42,"column":9}},{"start":{},"end":{}}],"line":37},"2":{"loc":{"start":{"line":47,"column":8},"end":{"line":54,"column":9}},"type":"if","locations":[{"start":{"line":47,"column":8},"end":{"line":54,"column":9}},{"start":{},"end":{}}],"line":47},"3":{"loc":{"start":{"line":56,"column":8},"end":{"line":58,"column":1}},"type":"if","locations":[{"start":{"line":56,"column":8},"end":{"line":58,"column":1}},{"start":{},"end":{}}],"line":56}},"s":{"0":1,"1":2,"2":2,"3":2,"4":1,"5":1,"6":1,"7":1,"8":0,"9":1,"10":3,"11":3,"12":3,"13":3,"14":1,"15":2,"16":2,"17":1,"18":1,"19":0,"20":1,"21":1,"22":0,"23":0},"f":{"0":2,"1":3},"b":{"0":[1,1],"1":[1,2],"2":[1,1],"3":[0,1]},"_coverageSchema":"1a1c01bbd47fc00a2c39e90264f33305004495a9","hash":"83f8c5f72b14eb60c3d1667a93a6f13f87251d35"}
,"/Users/nayaabahmedn/Documents/doctor_app/server/models/userModel.js": {"path":"/Users/nayaabahmedn/Documents/doctor_app/server/models/userModel.js","statementMap":{"0":{"start":{"line":4,"column":19},"end":{"line":19,"column":24}},"1":{"start":{"line":22,"column":0},"end":{"line":27,"column":3}},"2":{"start":{"line":23,"column":4},"end":{"line":23,"column":52}},"3":{"start":{"line":23,"column":38},"end":{"line":23,"column":52}},"4":{"start":{"line":24,"column":17},"end":{"line":24,"column":41}},"5":{"start":{"line":25,"column":4},"end":{"line":25,"column":59}},"6":{"start":{"line":26,"column":4},"end":{"line":26,"column":11}},"7":{"start":{"line":29,"column":0},"end":{"line":31,"column":2}},"8":{"start":{"line":30,"column":4},"end":{"line":30,"column":64}},"9":{"start":{"line":33,"column":18},"end":{"line":33,"column":52}}},"fnMap":{"0":{"name":"(anonymous_0)","decl":{"start":{"line":22,"column":23},"end":{"line":22,"column":24}},"loc":{"start":{"line":22,"column":45},"end":{"line":27,"column":1}},"line":22},"1":{"name":"(anonymous_1)","decl":{"start":{"line":29,"column":37},"end":{"line":29,"column":38}},"loc":{"start":{"line":29,"column":70},"end":{"line":31,"column":1}},"line":29}},"branchMap":{"0":{"loc":{"start":{"line":23,"column":4},"end":{"line":23,"column":52}},"type":"if","locations":[{"start":{"line":23,"column":4},"end":{"line":23,"column":52}},{"start":{},"end":{}}],"line":23}},"s":{"0":1,"1":1,"2":0,"3":0,"4":0,"5":0,"6":0,"7":1,"8":0,"9":1},"f":{"0":0,"1":0},"b":{"0":[0,0]},"_coverageSchema":"1a1c01bbd47fc00a2c39e90264f33305004495a9","hash":"92f36ffd1e11823b4efbf9ac37942b4d9788ecf8"}
,"/Users/nayaabahmedn/Documents/doctor_app/server/routes/userRoutes.js": {"path":"/Users/nayaabahmedn/Documents/doctor_app/server/routes/userRoutes.js","statementMap":{"0":{"start":{"line":6,"column":19},"end":{"line":6,"column":35}},"1":{"start":{"line":9,"column":0},"end":{"line":9,"column":43}},"2":{"start":{"line":10,"column":0},"end":{"line":10,"column":37}}},"fnMap":{},"branchMap":{},"s":{"0":1,"1":1,"2":1},"f":{},"b":{},"_coverageSchema":"1a1c01bbd47fc00a2c39e90264f33305004495a9","hash":"573dcc589014c95c3eeacb163731059a2a0435d1"}
}
