{"/Users/nayaabahmedn/Documents/doctor_app/server/index.js": {"path":"/Users/nayaabahmedn/Documents/doctor_app/server/index.js","statementMap":{"0":{"start":{"line":11,"column":20},"end":{"line":14,"column":1}},"1":{"start":{"line":17,"column":17},"end":{"line":17,"column":26}},"2":{"start":{"line":18,"column":0},"end":{"line":18,"column":24}},"3":{"start":{"line":19,"column":0},"end":{"line":19,"column":48}},"4":{"start":{"line":20,"column":0},"end":{"line":20,"column":27}},"5":{"start":{"line":22,"column":0},"end":{"line":22,"column":23}},"6":{"start":{"line":25,"column":0},"end":{"line":25,"column":68}},"7":{"start":{"line":28,"column":0},"end":{"line":28,"column":29}}},"fnMap":{},"branchMap":{},"s":{"0":1,"1":1,"2":1,"3":1,"4":1,"5":1,"6":1,"7":1},"f":{},"b":{},"_coverageSchema":"1a1c01bbd47fc00a2c39e90264f33305004495a9","hash":"827e790eb046f174ebdad5174678e8a82d9fd221"}
,"/Users/nayaabahmedn/Documents/doctor_app/server/swagger.js": {"path":"/Users/nayaabahmedn/Documents/doctor_app/server/swagger.js","statementMap":{"0":{"start":{"line":3,"column":16},"end":{"line":18,"column":1}},"1":{"start":{"line":20,"column":20},"end":{"line":20,"column":41}}},"fnMap":{},"branchMap":{},"s":{"0":1,"1":1},"f":{},"b":{},"_coverageSchema":"1a1c01bbd47fc00a2c39e90264f33305004495a9","hash":"37a344312992968c02d367ddaa4970a082bed651"}
,"/Users/nayaabahmedn/Documents/doctor_app/server/controllers/userController.js": {"path":"/Users/nayaabahmedn/Documents/doctor_app/server/controllers/userController.js","statementMap":{"0":{"start":{"line":3,"column":28},"end":{"line":26,"column":1}},"1":{"start":{"line":4,"column":4},"end":{"line":25,"column":5}},"2":{"start":{"line":6,"column":43},"end":{"line":6,"column":51}},"3":{"start":{"line":8,"column":8},"end":{"line":13,"column":9}},"4":{"start":{"line":9,"column":12},"end":{"line":12,"column":15}},"5":{"start":{"line":15,"column":24},"end":{"line":15,"column":64}},"6":{"start":{"line":16,"column":8},"end":{"line":16,"column":29}},"7":{"start":{"line":18,"column":8},"end":{"line":21,"column":10}},"8":{"start":{"line":24,"column":8},"end":{"line":24,"column":70}},"9":{"start":{"line":28,"column":25},"end":{"line":74,"column":1}},"10":{"start":{"line":29,"column":4},"end":{"line":73,"column":5}},"11":{"start":{"line":30,"column":36},"end":{"line":30,"column":44}},"12":{"start":{"line":33,"column":21},"end":{"line":33,"column":55}},"13":{"start":{"line":35,"column":8},"end":{"line":40,"column":9}},"14":{"start":{"line":36,"column":12},"end":{"line":39,"column":15}},"15":{"start":{"line":44,"column":34},"end":{"line":44,"column":70}},"16":{"start":{"line":45,"column":8},"end":{"line":52,"column":9}},"17":{"start":{"line":47,"column":16},"end":{"line":50,"column":19}},"18":{"start":{"line":54,"column":8},"end":{"line":56,"column":1}},"19":{"start":{"line":55,"column":4},"end":{"line":55,"column":74}},"20":{"start":{"line":58,"column":22},"end":{"line":60,"column":10}},"21":{"start":{"line":61,"column":8},"end":{"line":61,"column":26}},"22":{"start":{"line":62,"column":8},"end":{"line":66,"column":10}},"23":{"start":{"line":71,"column":8},"end":{"line":71,"column":45}},"24":{"start":{"line":72,"column":8},"end":{"line":72,"column":70}},"25":{"start":{"line":76,"column":27},"end":{"line":100,"column":1}},"26":{"start":{"line":77,"column":4},"end":{"line":99,"column":5}},"27":{"start":{"line":78,"column":25},"end":{"line":78,"column":33}},"28":{"start":{"line":79,"column":21},"end":{"line":79,"column":78}},"29":{"start":{"line":81,"column":8},"end":{"line":89,"column":9}},"30":{"start":{"line":83,"column":12},"end":{"line":88,"column":13}},"31":{"start":{"line":90,"column":8},"end":{"line":94,"column":10}},"32":{"start":{"line":97,"column":8},"end":{"line":97,"column":45}},"33":{"start":{"line":98,"column":8},"end":{"line":98,"column":70}}},"fnMap":{"0":{"name":"(anonymous_0)","decl":{"start":{"line":3,"column":28},"end":{"line":3,"column":29}},"loc":{"start":{"line":3,"column":48},"end":{"line":26,"column":1}},"line":3},"1":{"name":"(anonymous_1)","decl":{"start":{"line":28,"column":25},"end":{"line":28,"column":26}},"loc":{"start":{"line":28,"column":45},"end":{"line":74,"column":1}},"line":28},"2":{"name":"(anonymous_2)","decl":{"start":{"line":76,"column":27},"end":{"line":76,"column":28}},"loc":{"start":{"line":76,"column":44},"end":{"line":100,"column":1}},"line":76}},"branchMap":{"0":{"loc":{"start":{"line":8,"column":8},"end":{"line":13,"column":9}},"type":"if","locations":[{"start":{"line":8,"column":8},"end":{"line":13,"column":9}},{"start":{},"end":{}}],"line":8},"1":{"loc":{"start":{"line":35,"column":8},"end":{"line":40,"column":9}},"type":"if","locations":[{"start":{"line":35,"column":8},"end":{"line":40,"column":9}},{"start":{},"end":{}}],"line":35},"2":{"loc":{"start":{"line":45,"column":8},"end":{"line":52,"column":9}},"type":"if","locations":[{"start":{"line":45,"column":8},"end":{"line":52,"column":9}},{"start":{},"end":{}}],"line":45},"3":{"loc":{"start":{"line":54,"column":8},"end":{"line":56,"column":1}},"type":"if","locations":[{"start":{"line":54,"column":8},"end":{"line":56,"column":1}},{"start":{},"end":{}}],"line":54},"4":{"loc":{"start":{"line":81,"column":8},"end":{"line":89,"column":9}},"type":"if","locations":[{"start":{"line":81,"column":8},"end":{"line":89,"column":9}},{"start":{},"end":{}}],"line":81}},"s":{"0":1,"1":2,"2":2,"3":2,"4":1,"5":1,"6":1,"7":1,"8":0,"9":1,"10":3,"11":3,"12":3,"13":3,"14":1,"15":2,"16":2,"17":1,"18":1,"19":0,"20":1,"21":1,"22":1,"23":0,"24":0,"25":1,"26":1,"27":1,"28":1,"29":0,"30":0,"31":0,"32":1,"33":1},"f":{"0":2,"1":3,"2":1},"b":{"0":[1,1],"1":[1,2],"2":[1,1],"3":[0,1],"4":[0,0]},"_coverageSchema":"1a1c01bbd47fc00a2c39e90264f33305004495a9","hash":"f37def259769bdc9d77ff67e340b9ee355cf7f0a"}
,"/Users/nayaabahmedn/Documents/doctor_app/server/middlewares/authMiddleware.js": {"path":"/Users/nayaabahmedn/Documents/doctor_app/server/middlewares/authMiddleware.js","statementMap":{"0":{"start":{"line":4,"column":33},"end":{"line":24,"column":1}},"1":{"start":{"line":5,"column":21},"end":{"line":5,"column":49}},"2":{"start":{"line":6,"column":16},"end":{"line":6,"column":41}},"3":{"start":{"line":8,"column":2},"end":{"line":10,"column":3}},"4":{"start":{"line":9,"column":4},"end":{"line":9,"column":69}},"5":{"start":{"line":12,"column":2},"end":{"line":23,"column":3}},"6":{"start":{"line":13,"column":20},"end":{"line":13,"column":61}},"7":{"start":{"line":15,"column":4},"end":{"line":18,"column":6}},"8":{"start":{"line":19,"column":4},"end":{"line":19,"column":11}},"9":{"start":{"line":21,"column":4},"end":{"line":21,"column":20}},"10":{"start":{"line":22,"column":4},"end":{"line":22,"column":62}}},"fnMap":{"0":{"name":"(anonymous_0)","decl":{"start":{"line":4,"column":33},"end":{"line":4,"column":34}},"loc":{"start":{"line":4,"column":53},"end":{"line":24,"column":1}},"line":4}},"branchMap":{"0":{"loc":{"start":{"line":8,"column":2},"end":{"line":10,"column":3}},"type":"if","locations":[{"start":{"line":8,"column":2},"end":{"line":10,"column":3}},{"start":{},"end":{}}],"line":8}},"s":{"0":1,"1":1,"2":1,"3":1,"4":0,"5":1,"6":1,"7":1,"8":1,"9":0,"10":0},"f":{"0":1},"b":{"0":[0,1]},"_coverageSchema":"1a1c01bbd47fc00a2c39e90264f33305004495a9","hash":"5b661f62da4e03299a4ae905562a3c524e880851"}
,"/Users/nayaabahmedn/Documents/doctor_app/server/routes/userRoutes.js": {"path":"/Users/nayaabahmedn/Documents/doctor_app/server/routes/userRoutes.js","statementMap":{"0":{"start":{"line":7,"column":19},"end":{"line":7,"column":35}},"1":{"start":{"line":41,"column":0},"end":{"line":41,"column":41}},"2":{"start":{"line":80,"column":0},"end":{"line":80,"column":47}},"3":{"start":{"line":98,"column":0},"end":{"line":98,"column":65}}},"fnMap":{},"branchMap":{},"s":{"0":1,"1":1,"2":1,"3":1},"f":{},"b":{},"_coverageSchema":"1a1c01bbd47fc00a2c39e90264f33305004495a9","hash":"f38acbeac13506c162d5a1c3cd3e0f5da2678165"}
}
