TN:
SF:index.js
FNF:0
FNH:0
DA:5,1
DA:6,1
DA:7,1
DA:8,1
LF:4
LH:4
BRF:0
BRH:0
end_of_record
TN:
SF:controllers/userController.js
FN:4,(anonymous_0)
FN:29,(anonymous_1)
FNF:2
FNH:2
FNDA:2,(anonymous_0)
FNDA:3,(anonymous_1)
DA:4,1
DA:5,2
DA:7,2
DA:9,2
DA:10,1
DA:16,1
DA:17,1
DA:19,1
DA:25,0
DA:29,1
DA:30,3
DA:32,3
DA:35,3
DA:37,3
DA:38,1
DA:46,2
DA:47,2
DA:49,1
DA:56,1
DA:57,0
DA:60,1
DA:64,1
DA:73,0
DA:74,0
LF:24
LH:20
BRDA:9,0,0,1
BRDA:9,0,1,1
BRDA:37,1,0,1
BRDA:37,1,1,2
BRDA:47,2,0,1
BRDA:47,2,1,1
BRDA:56,3,0,0
BRDA:56,3,1,1
BRF:8
BRH:7
end_of_record
TN:
SF:models/userModel.js
FN:22,(anonymous_0)
FN:29,(anonymous_1)
FNF:2
FNH:0
FNDA:0,(anonymous_0)
FNDA:0,(anonymous_1)
DA:4,1
DA:22,1
DA:23,0
DA:24,0
DA:25,0
DA:26,0
DA:29,1
DA:30,0
DA:33,1
LF:9
LH:4
BRDA:23,0,0,0
BRDA:23,0,1,0
BRF:2
BRH:0
end_of_record
TN:
SF:routes/userRoutes.js
FNF:0
FNH:0
DA:6,1
DA:9,1
DA:10,1
LF:3
LH:3
BRF:0
BRH:0
end_of_record
