TN:
SF:index.js
FNF:0
FNH:0
DA:11,1
DA:17,1
DA:18,1
DA:19,1
DA:20,1
DA:22,1
DA:25,1
DA:28,1
LF:8
LH:8
BRF:0
BRH:0
end_of_record
TN:
SF:swagger.js
FNF:0
FNH:0
DA:3,1
DA:20,1
LF:2
LH:2
BRF:0
BRH:0
end_of_record
TN:
SF:controllers/userController.js
FN:3,(anonymous_0)
FN:28,(anonymous_1)
FN:76,(anonymous_2)
FNF:3
FNH:3
FNDA:2,(anonymous_0)
FNDA:3,(anonymous_1)
FNDA:1,(anonymous_2)
DA:3,1
DA:4,2
DA:6,2
DA:8,2
DA:9,1
DA:15,1
DA:16,1
DA:18,1
DA:24,0
DA:28,1
DA:29,3
DA:30,3
DA:33,3
DA:35,3
DA:36,1
DA:44,2
DA:45,2
DA:47,1
DA:54,1
DA:55,0
DA:58,1
DA:61,1
DA:62,1
DA:71,0
DA:72,0
DA:76,1
DA:77,1
DA:78,1
DA:79,1
DA:81,0
DA:83,0
DA:90,0
DA:97,1
DA:98,1
LF:34
LH:27
BRDA:8,0,0,1
BRDA:8,0,1,1
BRDA:35,1,0,1
BRDA:35,1,1,2
BRDA:45,2,0,1
BRDA:45,2,1,1
BRDA:54,3,0,0
BRDA:54,3,1,1
BRDA:81,4,0,0
BRDA:81,4,1,0
BRF:10
BRH:7
end_of_record
TN:
SF:middlewares/authMiddleware.js
FN:4,(anonymous_0)
FNF:1
FNH:1
FNDA:1,(anonymous_0)
DA:4,1
DA:5,1
DA:6,1
DA:8,1
DA:9,0
DA:12,1
DA:13,1
DA:15,1
DA:19,1
DA:21,0
DA:22,0
LF:11
LH:8
BRDA:8,0,0,0
BRDA:8,0,1,1
BRF:2
BRH:1
end_of_record
TN:
SF:routes/userRoutes.js
FNF:0
FNH:0
DA:7,1
DA:41,1
DA:80,1
DA:98,1
LF:4
LH:4
BRF:0
BRH:0
end_of_record
